<?xml version="1.0" encoding="UTF-8"?>
<!-- Generated by org.testng.reporters.JUnitReportReporter -->
<testsuite hostname="MCBL-8856" failures="0" tests="3" name="testRuns.InitialiseSDK" time="115.221" errors="0" timestamp="2022-12-26T14:16:43 IST" skipped="0">
  <testcase classname="testRuns.InitialiseSDK" name="testApp_EnterFields_InitialiseSDK" time="44.075"/>
  <system-out/>
  <testcase classname="testRuns.InitialiseSDK" name="testApp_EnterFields_InitialiseSDK_RecurringPayment" time="35.361"/>
  <system-out/>
  <testcase classname="testRuns.InitialiseSDK" name="testApp_EnterFields_InitialiseSDK_FreeTrial" time="35.785"/>
  <system-out/>
</testsuite> <!-- testRuns.InitialiseSDK -->
