<?xml version="1.0" encoding="UTF-8"?>
<!-- Generated by org.testng.reporters.JUnitReportReporter -->
<testsuite hostname="Satikants-MacBook-Air.local" failures="0" tests="4" name="testRunsAndroid.BankTransferScreenTest" time="20.316" errors="0" timestamp="2023-03-01T17:32:00 IST" skipped="3">
  <testcase classname="testRunsAndroid.BankTransferScreenTest" name="verifySuccessfulPaymentBankPayment" time="20.316"/>
  <system-out/>
  <testcase classname="testRunsAndroid.BankTransferScreenTest" name="verifyBankPaymentBackButton">
    <skipped/>
  </testcase> <!-- verifyBankPaymentBackButton -->
  <system-out/>
  <testcase classname="testRunsAndroid.BankTransferScreenTest" name="verifyBankPaymentScreen">
    <skipped/>
  </testcase> <!-- verifyBankPaymentScreen -->
  <system-out/>
  <testcase classname="testRunsAndroid.BankTransferScreenTest" name="orderidrefreshNetbank">
    <skipped/>
  </testcase> <!-- orderidrefreshNetbank -->
  <system-out/>
</testsuite> <!-- testRunsAndroid.BankTransferScreenTest -->
