<?xml version="1.0" encoding="UTF-8"?>
<!-- Generated by org.testng.reporters.JUnitReportReporter -->
<testsuite hostname="Satikants-MacBook-Air.local" failures="0" tests="7" name="testRunsiOS.WalletTest" time="40.945" errors="0" timestamp="2023-03-01T17:00:03 IST" skipped="5">
  <testcase classname="testRunsiOS.WalletTest" name="verifyInvalidMSISDN" time="21.810"/>
  <system-out>
    <![CDATA[Verify Home Screen Elements]]>
  </system-out>
  <testcase classname="testRunsiOS.WalletTest" name="verifyEmptyMSISDN" time="19.135"/>
  <system-out>
    <![CDATA[Verify Home Screen Elements]]>
  </system-out>
  <testcase classname="testRunsiOS.WalletTest" name="verifyPayableAmount">
    <skipped/>
  </testcase> <!-- verifyPayableAmount -->
  <system-out/>
  <testcase classname="testRunsiOS.WalletTest" name="walletSuccessFlow">
    <skipped/>
  </testcase> <!-- walletSuccessFlow -->
  <system-out/>
  <testcase classname="testRunsiOS.WalletTest" name="verifyOrderIdrefreshOnRedirectBack">
    <skipped/>
  </testcase> <!-- verifyOrderIdrefreshOnRedirectBack -->
  <system-out/>
  <testcase classname="testRunsiOS.WalletTest" name="verifyOrderID">
    <skipped/>
  </testcase> <!-- verifyOrderID -->
  <system-out/>
  <testcase classname="testRunsiOS.WalletTest" name="verifyreferenceIDinWallet">
    <skipped/>
  </testcase> <!-- verifyreferenceIDinWallet -->
  <system-out/>
</testsuite> <!-- testRunsiOS.WalletTest -->
