<?xml version="1.0" encoding="UTF-8"?>
<!-- Generated by org.testng.reporters.JUnitReportReporter -->
<testsuite hostname="Satikants-MacBook-Air.local" failures="0" tests="7" name="testRunsAndroid.CardSaveScreenTest" time="400.566" errors="0" timestamp="2023-02-24T17:48:37 IST" skipped="0">
  <testcase classname="testRunsAndroid.CardSaveScreenTest" name="verifyCardSaveScreenLaunch" time="11.549"/>
  <system-out/>
  <testcase classname="testRunsAndroid.CardSaveScreenTest" name="verifySuccessfulCardPaymentVisa" time="22.679"/>
  <system-out/>
  <testcase classname="testRunsAndroid.CardSaveScreenTest" name="verifySuccessfulCardPaymentMastercard" time="70.077"/>
  <system-out/>
  <testcase classname="testRunsAndroid.CardSaveScreenTest" name="verifySuccessfulCardPaymentAmex" time="90.749"/>
  <system-out/>
  <testcase classname="testRunsAndroid.CardSaveScreenTest" name="verifySuccessfulCardPaymentDinersClub" time="70.461"/>
  <system-out/>
  <testcase classname="testRunsAndroid.CardSaveScreenTest" name="verifySuccessfulCardPaymentDiscover" time="70.310"/>
  <system-out/>
  <testcase classname="testRunsAndroid.CardSaveScreenTest" name="verifyCardWithInvalidCard_Click_On_Retry_to_Make_successfull_payemnt" time="64.741"/>
  <system-out/>
</testsuite> <!-- testRunsAndroid.CardSaveScreenTest -->
