<?xml version="1.0" encoding="UTF-8"?>
<!-- Generated by org.testng.reporters.JUnitReportReporter -->
<testsuite hostname="Satikants-MacBook-Air.local" failures="0" tests="7" name="testRunsAndroid.HomeWalletTest" time="155.372" errors="0" timestamp="2023-03-02T16:56:19 IST" skipped="5">
  <testcase classname="testRunsAndroid.HomeWalletTest" name="back_navigation_Home_Screen" time="139.331"/>
  <system-out/>
  <testcase classname="testRunsAndroid.HomeWalletTest" name="validate_that_only_one_Selected" time="16.041"/>
  <system-out/>
  <testcase classname="testRunsAndroid.HomeWalletTest" name="verifyreferenceIDinWallet">
    <skipped/>
  </testcase> <!-- verifyreferenceIDinWallet -->
  <system-out/>
  <testcase classname="testRunsAndroid.HomeWalletTest" name="captureNewOrderId">
    <skipped/>
  </testcase> <!-- captureNewOrderId -->
  <system-out/>
  <testcase classname="testRunsAndroid.HomeWalletTest" name="validate_that_Pay_button_is_Visible_After_WalletSelection">
    <skipped/>
  </testcase> <!-- validate_that_Pay_button_is_Visible_After_WalletSelection -->
  <system-out/>
  <testcase classname="testRunsAndroid.HomeWalletTest" name="validatethatwalletlistisdisplayed">
    <skipped/>
  </testcase> <!-- validatethatwalletlistisdisplayed -->
  <system-out/>
  <testcase classname="testRunsAndroid.HomeWalletTest" name="validate_wallet_success_flow">
    <skipped/>
  </testcase> <!-- validate_wallet_success_flow -->
  <system-out/>
</testsuite> <!-- testRunsAndroid.HomeWalletTest -->
