<?xml version="1.0" encoding="UTF-8"?>
<!-- Generated by org.testng.reporters.JUnitReportReporter -->
<testsuite hostname="MCBL-8856" failures="0" tests="6" name="testRuns.EMIfeatureTest" time="43.104" errors="0" timestamp="2023-01-09T20:16:02 IST" skipped="5">
  <testcase classname="testRuns.EMIfeatureTest" name="viewAllEMIPlans_Addcard" time="43.104"/>
  <system-out/>
  <testcase classname="testRuns.EMIfeatureTest" name="savedcard_payment">
    <skipped/>
  </testcase> <!-- savedcard_payment -->
  <system-out/>
  <testcase classname="testRuns.EMIfeatureTest" name="verifyPresenseOfEMI">
    <skipped/>
  </testcase> <!-- verifyPresenseOfEMI -->
  <system-out/>
  <testcase classname="testRuns.EMIfeatureTest" name="verifyAddanotherCard_EMIPayment">
    <skipped/>
  </testcase> <!-- verifyAddanotherCard_EMIPayment -->
  <system-out/>
  <testcase classname="testRuns.EMIfeatureTest" name="verifyDisbaledSavedCreditCard">
    <skipped/>
  </testcase> <!-- verifyDisbaledSavedCreditCard -->
  <system-out/>
  <testcase classname="testRuns.EMIfeatureTest" name="viewAllEMIPlans_Savedcard">
    <skipped/>
  </testcase> <!-- viewAllEMIPlans_Savedcard -->
  <system-out/>
</testsuite> <!-- testRuns.EMIfeatureTest -->
