<?xml version="1.0" encoding="UTF-8"?>
<!-- Generated by org.testng.reporters.JUnitReportReporter -->
<testsuite hostname="Satikants-MacBook-Air.local" failures="0" tests="15" name="testRunsiOS.CardTest" time="31.963" errors="0" timestamp="2023-03-01T14:55:01 IST" skipped="14">
  <testcase classname="testRunsiOS.CardTest" name="verify_CardonSave" time="31.963"/>
  <system-out/>
  <testcase classname="testRunsiOS.CardTest" name="verifyUniqueOrderId_Retry_transaction">
    <skipped/>
  </testcase> <!-- verifyUniqueOrderId_Retry_transaction -->
  <system-out/>
  <testcase classname="testRunsiOS.CardTest" name="verifyJCBcard">
    <skipped/>
  </testcase> <!-- verifyJCBcard -->
  <system-out/>
  <testcase classname="testRunsiOS.CardTest" name="verifyTransaction_SavedCard">
    <skipped/>
  </testcase> <!-- verifyTransaction_SavedCard -->
  <system-out/>
  <testcase classname="testRunsiOS.CardTest" name="verifyEmptyCVV">
    <skipped/>
  </testcase> <!-- verifyEmptyCVV -->
  <system-out/>
  <testcase classname="testRunsiOS.CardTest" name="verifyAddInvalidcard_changepayment_Walletsuccesspayment">
    <skipped/>
  </testcase> <!-- verifyAddInvalidcard_changepayment_Walletsuccesspayment -->
  <system-out/>
  <testcase classname="testRunsiOS.CardTest" name="verifyInvalidcardNumber">
    <skipped/>
  </testcase> <!-- verifyInvalidcardNumber -->
  <system-out/>
  <testcase classname="testRunsiOS.CardTest" name="verifyEmptyExpiryDate">
    <skipped/>
  </testcase> <!-- verifyEmptyExpiryDate -->
  <system-out/>
  <testcase classname="testRunsiOS.CardTest" name="verifyAddSuccessfulCardPaymentVisa">
    <skipped/>
  </testcase> <!-- verifyAddSuccessfulCardPaymentVisa -->
  <system-out/>
  <testcase classname="testRunsiOS.CardTest" name="verifyCardSaveScreenLaunch">
    <skipped/>
  </testcase> <!-- verifyCardSaveScreenLaunch -->
  <system-out/>
  <testcase classname="testRunsiOS.CardTest" name="verifyInvalidExpiryDate">
    <skipped/>
  </testcase> <!-- verifyInvalidExpiryDate -->
  <system-out/>
  <testcase classname="testRunsiOS.CardTest" name="verifyAddInvalidcard_Retry_Validcardsuccesspayment">
    <skipped/>
  </testcase> <!-- verifyAddInvalidcard_Retry_Validcardsuccesspayment -->
  <system-out/>
  <testcase classname="testRunsiOS.CardTest" name="verifyEmptycardNumber">
    <skipped/>
  </testcase> <!-- verifyEmptycardNumber -->
  <system-out/>
  <testcase classname="testRunsiOS.CardTest" name="verify_DeleteCard">
    <skipped/>
  </testcase> <!-- verify_DeleteCard -->
  <system-out/>
  <testcase classname="testRunsiOS.CardTest" name="verify_Cancel_DeleteCard">
    <skipped/>
  </testcase> <!-- verify_Cancel_DeleteCard -->
  <system-out/>
</testsuite> <!-- testRunsiOS.CardTest -->
