<?xml version="1.0" encoding="UTF-8"?>
<!-- Generated by org.testng.reporters.JUnitReportReporter -->
<testsuite hostname="Satikants-MacBook-Air.local" failures="0" tests="8" name="testRunsAndroid.InitiateAndConfirmWalletTest" time="20.487" errors="0" timestamp="2023-03-02T17:54:20 IST" skipped="7">
  <testcase classname="testRunsAndroid.InitiateAndConfirmWalletTest" name="verifyMobileNumber" time="20.487"/>
  <system-out/>
  <testcase classname="testRunsAndroid.InitiateAndConfirmWalletTest" name="verifyInitiateWalletBackButton">
    <skipped/>
  </testcase> <!-- verifyInitiateWalletBackButton -->
  <system-out/>
  <testcase classname="testRunsAndroid.InitiateAndConfirmWalletTest" name="verifySuccessfulPushBasedWalletPayment">
    <skipped/>
  </testcase> <!-- verifySuccessfulPushBasedWalletPayment -->
  <system-out/>
  <testcase classname="testRunsAndroid.InitiateAndConfirmWalletTest" name="verifyConfirmWalletScreenElements_PushBased">
    <skipped/>
  </testcase> <!-- verifyConfirmWalletScreenElements_PushBased -->
  <system-out/>
  <testcase classname="testRunsAndroid.InitiateAndConfirmWalletTest" name="verifyReferenceId">
    <skipped/>
  </testcase> <!-- verifyReferenceId -->
  <system-out/>
  <testcase classname="testRunsAndroid.InitiateAndConfirmWalletTest" name="verifySuccessfulReferenceBasedWalletPayment">
    <skipped/>
  </testcase> <!-- verifySuccessfulReferenceBasedWalletPayment -->
  <system-out/>
  <testcase classname="testRunsAndroid.InitiateAndConfirmWalletTest" name="verifyConfirmWalletScreenElements_ReferenceBased">
    <skipped/>
  </testcase> <!-- verifyConfirmWalletScreenElements_ReferenceBased -->
  <system-out/>
  <testcase classname="testRunsAndroid.InitiateAndConfirmWalletTest" name="verifyInvalidMobileNumberError">
    <skipped/>
  </testcase> <!-- verifyInvalidMobileNumberError -->
  <system-out/>
</testsuite> <!-- testRunsAndroid.InitiateAndConfirmWalletTest -->
