<?xml version="1.0" encoding="UTF-8"?>
<!-- Generated by org.testng.reporters.JUnitReportReporter -->
<testsuite hostname="Satikants-MacBook-Air.local" failures="0" tests="4" name="testRunsAndroid.BankTransferTest" time="65.308" errors="0" timestamp="2023-02-24T17:12:10 IST" skipped="0">
  <testcase classname="testRunsAndroid.BankTransferTest" name="verifyBankPaymentScreen" time="12.742"/>
  <system-out/>
  <testcase classname="testRunsAndroid.BankTransferTest" name="verifyBankPaymentBackButton" time="17.078"/>
  <system-out/>
  <testcase classname="testRunsAndroid.BankTransferTest" name="verifySuccessfulPaymentBankPayment" time="22.563"/>
  <system-out/>
  <testcase classname="testRunsAndroid.BankTransferTest" name="orderidrefreshNetbank" time="12.925"/>
  <system-out>
    <![CDATA[Verify the orderid should get refresh on redirecting back]]>
  </system-out>
</testsuite> <!-- testRunsAndroid.BankTransferTest -->
