<?xml version="1.0" encoding="UTF-8"?>
<!-- Generated by org.testng.reporters.JUnitReportReporter -->
<testsuite hostname="Satikants-MacBook-Air.local" failures="0" tests="7" name="testRunsiOS.EMITest" time="37.482" errors="0" timestamp="2023-03-01T16:36:01 IST" skipped="6">
  <testcase classname="testRunsiOS.EMITest" name="savedcard_non3DS_ConsecutivePayment" time="37.482"/>
  <system-out/>
  <testcase classname="testRunsiOS.EMITest" name="verifyAddanotherCard_EMIPayment">
    <skipped/>
  </testcase> <!-- verifyAddanotherCard_EMIPayment -->
  <system-out/>
  <testcase classname="testRunsiOS.EMITest" name="verifyDisbaledSavedCreditCard">
    <skipped/>
  </testcase> <!-- verifyDisbaledSavedCreditCard -->
  <system-out/>
  <testcase classname="testRunsiOS.EMITest" name="viewAllEMIPlans_Savedcard">
    <skipped/>
  </testcase> <!-- viewAllEMIPlans_Savedcard -->
  <system-out/>
  <testcase classname="testRunsiOS.EMITest" name="viewAllEMIPlans_Addcard">
    <skipped/>
  </testcase> <!-- viewAllEMIPlans_Addcard -->
  <system-out/>
  <testcase classname="testRunsiOS.EMITest" name="verifyPresenseOfEMI">
    <skipped/>
  </testcase> <!-- verifyPresenseOfEMI -->
  <system-out/>
  <testcase classname="testRunsiOS.EMITest" name="savedcard_non3DSEMIpayment">
    <skipped/>
  </testcase> <!-- savedcard_non3DSEMIpayment -->
  <system-out/>
</testsuite> <!-- testRunsiOS.EMITest -->
