<?xml version="1.0" encoding="UTF-8"?>
<!-- Generated by org.testng.reporters.JUnitReportReporter -->
<testsuite hostname="Satikants-MacBook-Air.local" failures="0" tests="6" name="testRunsiOS.ThreeDSecureTest" time="26.959" errors="0" timestamp="2023-03-01T16:49:53 IST" skipped="5">
  <testcase classname="testRunsiOS.ThreeDSecureTest" name="ThreeDS_verifySuccessful_Card" time="26.959"/>
  <system-out/>
  <testcase classname="testRunsiOS.ThreeDSecureTest" name="ThreeDS_verifyTimeoutCancelTransaction">
    <skipped/>
  </testcase> <!-- ThreeDS_verifyTimeoutCancelTransaction -->
  <system-out/>
  <testcase classname="testRunsiOS.ThreeDSecureTest" name="ThreeDS_verifyCancelAndRetry_3dSecure">
    <skipped/>
  </testcase> <!-- ThreeDS_verifyCancelAndRetry_3dSecure -->
  <system-out/>
  <testcase classname="testRunsiOS.ThreeDSecureTest" name="ThreeDS_verifydisabledSubmitBtn_InvalidOTP">
    <skipped/>
  </testcase> <!-- ThreeDS_verifydisabledSubmitBtn_InvalidOTP -->
  <system-out/>
  <testcase classname="testRunsiOS.ThreeDSecureTest" name="ThreeDS_verifyCancelAndChangePayment">
    <skipped/>
  </testcase> <!-- ThreeDS_verifyCancelAndChangePayment -->
  <system-out/>
  <testcase classname="testRunsiOS.ThreeDSecureTest" name="ThreeDS_verifySuccessful_EMI">
    <skipped/>
  </testcase> <!-- ThreeDS_verifySuccessful_EMI -->
  <system-out/>
</testsuite> <!-- testRunsiOS.ThreeDSecureTest -->
