<?xml version="1.0" encoding="UTF-8"?>
<!-- Generated by org.testng.reporters.JUnitReportReporter -->
<testsuite hostname="Satikants-MacBook-Air.local" failures="0" tests="2" name="testRunsAndroid.CardPaymentTest" time="23.049" errors="0" timestamp="2023-02-24T11:31:24 IST" skipped="1">
  <testcase classname="testRunsAndroid.CardPaymentTest" name="verifyAddSuccessfulCardPaymentVisa" time="23.049"/>
  <system-out/>
  <testcase classname="testRunsAndroid.CardPaymentTest" name="verifyCardPaymentScreen">
    <skipped/>
  </testcase> <!-- verifyCardPaymentScreen -->
  <system-out/>
</testsuite> <!-- testRunsAndroid.CardPaymentTest -->
