<?xml version="1.0" encoding="UTF-8"?>
<!-- Generated by org.testng.reporters.JUnitReportReporter -->
<testsuite hostname="Satikants-MacBook-Air.local" failures="0" tests="6" name="testRunsiOS.NetbankingTest" time="57.891" errors="0" timestamp="2023-03-01T16:40:32 IST" skipped="0">
  <testcase classname="testRunsiOS.NetbankingTest" name="verifyBankPaymentScreen" time="8.026"/>
  <system-out/>
  <testcase classname="testRunsiOS.NetbankingTest" name="verifyBankPaymentBackredirection" time="10.969"/>
  <system-out/>
  <testcase classname="testRunsiOS.NetbankingTest" name="verifySuccessfulPaymentBankPayment" time="15.659"/>
  <system-out/>
  <testcase classname="testRunsiOS.NetbankingTest" name="verifyOrderID" time="7.493"/>
  <system-out>
    <![CDATA[Verify order id in netbanking screen]]>
  </system-out>
  <testcase classname="testRunsiOS.NetbankingTest" name="verifyPayableAmount" time="7.384"/>
  <system-out>
    <![CDATA[Verify payble Amount in netbanking screen]]>
  </system-out>
  <testcase classname="testRunsiOS.NetbankingTest" name="orderidrefreshNetbank" time="8.360"/>
  <system-out>
    <![CDATA[Verify the orderid should get refresh on redirecting back]]>
  </system-out>
</testsuite> <!-- testRunsiOS.NetbankingTest -->
