<?xml version="1.0" encoding="UTF-8"?>
<!-- Generated by org.testng.reporters.JUnitReportReporter -->
<testsuite hostname="MCBL-8856" failures="0" tests="6" name="testRuns.HomeWalletTest" time="218.557" errors="0" timestamp="2022-12-26T14:16:43 IST" skipped="1">
  <testcase classname="testRuns.HomeWalletTest" name="validatethatwalletlistisdisplayed" time="34.555"/>
  <system-out/>
  <testcase classname="testRuns.HomeWalletTest" name="validate_that_Pay_button_is_Visible_After_WalletSelection" time="57.750"/>
  <system-out/>
  <testcase classname="testRuns.HomeWalletTest" name="validate_that_only_one_Selected" time="47.106"/>
  <system-out/>
  <testcase classname="testRuns.HomeWalletTest" name="back_navigation_Home_Screen" time="38.575"/>
  <system-out/>
  <testcase classname="testRuns.HomeWalletTest" name="validate_wallet_success_flow" time="40.571"/>
  <system-out/>
  <testcase classname="testRuns.HomeWalletTest" name="validate_that_only_Push_Notification_Based_Wallets_are_shown_if_Recurring_Payment_is_selected">
    <skipped/>
  </testcase> <!-- validate_that_only_Push_Notification_Based_Wallets_are_shown_if_Recurring_Payment_is_selected -->
  <system-out/>
</testsuite> <!-- testRuns.HomeWalletTest -->
