<?xml version="1.0" encoding="UTF-8"?>
<!-- Generated by org.testng.reporters.JUnitReportReporter -->
<testsuite hostname="Satikants-MacBook-Air.local" failures="0" tests="6" name="testRunsAndroid.EMIfeatureTest" time="16.420" errors="0" timestamp="2023-03-02T15:14:16 IST" skipped="5">
  <testcase classname="testRunsAndroid.EMIfeatureTest" name="viewAllEMIPlans_Addcard" time="16.420"/>
  <system-out/>
  <testcase classname="testRunsAndroid.EMIfeatureTest" name="verifyPresenseOfEMI">
    <skipped/>
  </testcase> <!-- verifyPresenseOfEMI -->
  <system-out/>
  <testcase classname="testRunsAndroid.EMIfeatureTest" name="savedcard_payment">
    <skipped/>
  </testcase> <!-- savedcard_payment -->
  <system-out/>
  <testcase classname="testRunsAndroid.EMIfeatureTest" name="viewAllEMIPlans_Savedcard">
    <skipped/>
  </testcase> <!-- viewAllEMIPlans_Savedcard -->
  <system-out/>
  <testcase classname="testRunsAndroid.EMIfeatureTest" name="verifyDisbaledSavedCreditCard">
    <skipped/>
  </testcase> <!-- verifyDisbaledSavedCreditCard -->
  <system-out/>
  <testcase classname="testRunsAndroid.EMIfeatureTest" name="verifyAddanotherCard_EMIPayment">
    <skipped/>
  </testcase> <!-- verifyAddanotherCard_EMIPayment -->
  <system-out/>
</testsuite> <!-- testRunsAndroid.EMIfeatureTest -->
