<?xml version="1.0" encoding="UTF-8"?>
<!-- Generated by org.testng.reporters.JUnitReportReporter -->
<testsuite hostname="Satikants-MacBook-Air.local" failures="0" tests="3" name="testRunsiOS.HomescreenTest" time="124.571" errors="0" timestamp="2023-03-01T12:13:41 IST" skipped="0">
  <testcase classname="testRunsiOS.HomescreenTest" name="verifyiOSHomeScreenElements" time="60.348"/>
  <system-out>
    <![CDATA[Verify Home Screen Elements]]>
  </system-out>
  <testcase classname="testRunsiOS.HomescreenTest" name="verifyHomeScreenElements_FreeTrial" time="32.203"/>
  <system-out>
    <![CDATA[Verify Home Screen Elements with free trial option]]>
  </system-out>
  <testcase classname="testRunsiOS.HomescreenTest" name="verifyHomeScreenElements_RecurringPayment" time="32.020"/>
  <system-out>
    <![CDATA[Verify Home Screen Elements with recurring option]]>
  </system-out>
</testsuite> <!-- testRunsiOS.HomescreenTest -->
