<?xml version="1.0" encoding="UTF-8"?>
<!-- Generated by org.testng.reporters.JUnitReportReporter -->
<testsuite hostname="Satikants-MacBook-Air.local" failures="0" tests="3" name="testRunsAndroid.HomeScreenTest" time="42.060" errors="0" timestamp="2023-02-20T15:36:24 IST" skipped="0">
  <testcase classname="testRunsAndroid.HomeScreenTest" name="verifyHomeScreenElements" time="22.115"/>
  <system-out/>
  <testcase classname="testRunsAndroid.HomeScreenTest" name="verifyHomeScreenElements_FreeTrial" time="9.448"/>
  <system-out/>
  <testcase classname="testRunsAndroid.HomeScreenTest" name="verifyHomeScreenElements_RecurringPayment" time="10.497"/>
  <system-out/>
</testsuite> <!-- testRunsAndroid.HomeScreenTest -->
