<?xml version="1.0" encoding="UTF-8"?>
<!-- Generated by org.testng.reporters.JUnitReportReporter -->
<testsuite hostname="Satikants-MacBook-Air.local" failures="0" tests="17" name="testRunsAndroid.CardPaymentScreenTest" time="59.254" errors="0" timestamp="2023-03-02T11:41:25 IST" skipped="15">
  <testcase classname="testRunsAndroid.CardPaymentScreenTest" name="verifyCardPaymentFailureOrderIdRefreshOnClickOfRetry" time="41.604"/>
  <system-out/>
  <testcase classname="testRunsAndroid.CardPaymentScreenTest" name="verifyCardPaymentFailureOrderIdRefreshOnClickOfChangePaymentModeOnWalletPaymentSuccess" time="17.650"/>
  <system-out/>
  <testcase classname="testRunsAndroid.CardPaymentScreenTest" name="verifyCardPaymentScreen">
    <skipped/>
  </testcase> <!-- verifyCardPaymentScreen -->
  <system-out/>
  <testcase classname="testRunsAndroid.CardPaymentScreenTest" name="verifyEmptyCardNumberError">
    <skipped/>
  </testcase> <!-- verifyEmptyCardNumberError -->
  <system-out/>
  <testcase classname="testRunsAndroid.CardPaymentScreenTest" name="verifyInvalidCvvError">
    <skipped/>
  </testcase> <!-- verifyInvalidCvvError -->
  <system-out/>
  <testcase classname="testRunsAndroid.CardPaymentScreenTest" name="verifyInvalidCardNumberError">
    <skipped/>
  </testcase> <!-- verifyInvalidCardNumberError -->
  <system-out/>
  <testcase classname="testRunsAndroid.CardPaymentScreenTest" name="deleteSavedCard">
    <skipped/>
  </testcase> <!-- deleteSavedCard -->
  <system-out/>
  <testcase classname="testRunsAndroid.CardPaymentScreenTest" name="verifyEmptyCvvError">
    <skipped/>
  </testcase> <!-- verifyEmptyCvvError -->
  <system-out/>
  <testcase classname="testRunsAndroid.CardPaymentScreenTest" name="verifyCardWithInvalidCardPaymentScreen">
    <skipped/>
  </testcase> <!-- verifyCardWithInvalidCardPaymentScreen -->
  <system-out/>
  <testcase classname="testRunsAndroid.CardPaymentScreenTest" name="verifyCardWithInvalidCard_Click_On_Retry_to_Make_successfull_payemnt">
    <skipped/>
  </testcase> <!-- verifyCardWithInvalidCard_Click_On_Retry_to_Make_successfull_payemnt -->
  <system-out/>
  <testcase classname="testRunsAndroid.CardPaymentScreenTest" name="verifyCard_paymentfailed_click_otherpayment_wallet_pay_success">
    <skipped/>
  </testcase> <!-- verifyCard_paymentfailed_click_otherpayment_wallet_pay_success -->
  <system-out/>
  <testcase classname="testRunsAndroid.CardPaymentScreenTest" name="verifySuccessfulCardPaymentSavedCard">
    <skipped/>
  </testcase> <!-- verifySuccessfulCardPaymentSavedCard -->
  <system-out/>
  <testcase classname="testRunsAndroid.CardPaymentScreenTest" name="verifyInvalidExpiryDateError">
    <skipped/>
  </testcase> <!-- verifyInvalidExpiryDateError -->
  <system-out/>
  <testcase classname="testRunsAndroid.CardPaymentScreenTest" name="verifyEmptyExpiryDateError">
    <skipped/>
  </testcase> <!-- verifyEmptyExpiryDateError -->
  <system-out/>
  <testcase classname="testRunsAndroid.CardPaymentScreenTest" name="cancelDeleteOfSavedCard">
    <skipped/>
  </testcase> <!-- cancelDeleteOfSavedCard -->
  <system-out/>
  <testcase classname="testRunsAndroid.CardPaymentScreenTest" name="verifySavedCard">
    <skipped/>
  </testcase> <!-- verifySavedCard -->
  <system-out/>
  <testcase classname="testRunsAndroid.CardPaymentScreenTest" name="verifySuccessfulCardPaymentJcb">
    <skipped/>
  </testcase> <!-- verifySuccessfulCardPaymentJcb -->
  <system-out/>
</testsuite> <!-- testRunsAndroid.CardPaymentScreenTest -->
